<?xml version="1.0" encoding="UTF-8"?>
<testsuite name="shipOrder" tests="2" skipped="0" failures="0" errors="0" timestamp="2026-02-04T02:09:00.382Z" hostname="RubenS" time="0.019">
  <properties/>
  <testcase name="shouldShipOrderAndSave()" classname="com.example.management.application.services.OrderApplicationServiceTest$ShipOrder" time="0.01"/>
  <testcase name="shouldThrowWhenOrderNotFound()" classname="com.example.management.application.services.OrderApplicationServiceTest$ShipOrder" time="0.006"/>
  <system-out><![CDATA[]]></system-out>
  <system-err><![CDATA[]]></system-err>
</testsuite>
