<?xml version="1.0" encoding="UTF-8"?>
<testsuite name="creation" tests="2" skipped="0" failures="0" errors="0" timestamp="2026-02-25T23:14:13" hostname="RubenS" time="0.009">
  <properties/>
  <testcase name="createsWithValidUuid()" classname="com.example.management.domain.model.OrderIdTest$Creation" time="0.002"/>
  <testcase name="rejectsNullValue()" classname="com.example.management.domain.model.OrderIdTest$Creation" time="0.004"/>
  <system-out><![CDATA[]]></system-out>
  <system-err><![CDATA[]]></system-err>
</testsuite>
