<?xml version="1.0" encoding="UTF-8"?>
<testsuite name="cancel" tests="3" skipped="0" failures="0" errors="0" timestamp="2026-02-25T22:33:07" hostname="RubenS" time="0.026">
  <properties/>
  <testcase name="allowsCancelWhenPending()" classname="com.example.management.domain.model.OrderTest$Cancel" time="0.01"/>
  <testcase name="rejectsCancelWhenShipped()" classname="com.example.management.domain.model.OrderTest$Cancel" time="0.005"/>
  <testcase name="allowsCancelWhenPaid()" classname="com.example.management.domain.model.OrderTest$Cancel" time="0.002"/>
  <system-out><![CDATA[]]></system-out>
  <system-err><![CDATA[]]></system-err>
</testsuite>
