<?xml version="1.0" encoding="UTF-8"?>
<testsuite name="getOrderById" tests="2" skipped="0" failures="0" errors="0" timestamp="2026-02-04T02:09:00.468Z" hostname="RubenS" time="0.02">
  <properties/>
  <testcase name="shouldReturnOrderWhenFound()" classname="com.example.management.application.services.OrderApplicationServiceTest$GetOrderById" time="0.01"/>
  <testcase name="shouldReturnEmptyWhenNotFound()" classname="com.example.management.application.services.OrderApplicationServiceTest$GetOrderById" time="0.007"/>
  <system-out><![CDATA[]]></system-out>
  <system-err><![CDATA[]]></system-err>
</testsuite>
