<?xml version="1.0" encoding="UTF-8"?>
<testsuite name="cancelOrder" tests="2" skipped="0" failures="0" errors="0" timestamp="2026-02-04T02:11:46.953Z" hostname="RubenS" time="0.528">
  <properties/>
  <testcase name="shouldCancelOrderAndSave()" classname="com.example.management.application.services.OrderApplicationServiceTest$CancelOrder" time="0.509"/>
  <testcase name="shouldThrowWhenOrderNotFound()" classname="com.example.management.application.services.OrderApplicationServiceTest$CancelOrder" time="0.014"/>
  <system-out><![CDATA[]]></system-out>
  <system-err><![CDATA[]]></system-err>
</testsuite>
