<?xml version="1.0" encoding="UTF-8"?>
<testsuite name="com.example.management.domain.model.OrderTest" tests="12" skipped="0" failures="0" errors="0" timestamp="2026-02-04T02:11:47.751Z" hostname="RubenS" time="0.042">
  <properties/>
  <testcase name="markAsPaid_shouldSucceedWhenTotalAtLeast10USD()" classname="com.example.management.domain.model.OrderTest" time="0.001"/>
  <testcase name="shouldCreateOrderWithAtLeastOneItem()" classname="com.example.management.domain.model.OrderTest" time="0.002"/>
  <testcase name="totalAmount_shouldBeSumOfLineTotals()" classname="com.example.management.domain.model.OrderTest" time="0.002"/>
  <testcase name="ship_shouldThrowWhenNotPaid()" classname="com.example.management.domain.model.OrderTest" time="0.002"/>
  <testcase name="cancel_shouldThrowWhenShipped()" classname="com.example.management.domain.model.OrderTest" time="0.003"/>
  <testcase name="shouldRejectOrderWithNoItems()" classname="com.example.management.domain.model.OrderTest" time="0.002"/>
  <testcase name="cancel_shouldSucceedWhenPending()" classname="com.example.management.domain.model.OrderTest" time="0.001"/>
  <testcase name="getCreatedAt_shouldReturnCreationTime()" classname="com.example.management.domain.model.OrderTest" time="0.004"/>
  <testcase name="ship_shouldSucceedWhenPaid()" classname="com.example.management.domain.model.OrderTest" time="0.002"/>
  <testcase name="deliver_shouldSucceedWhenShipped()" classname="com.example.management.domain.model.OrderTest" time="0.002"/>
  <testcase name="markAsPaid_shouldThrowWhenTotalLessThan10USD()" classname="com.example.management.domain.model.OrderTest" time="0.003"/>
  <testcase name="cancel_shouldSucceedWhenPaid()" classname="com.example.management.domain.model.OrderTest" time="0.001"/>
  <system-out><![CDATA[]]></system-out>
  <system-err><![CDATA[]]></system-err>
</testsuite>
