<?xml version="1.0" encoding="UTF-8"?>
<testsuite name="creation" tests="5" skipped="0" failures="0" errors="0" timestamp="2026-02-25T22:33:07" hostname="RubenS" time="0.042">
  <properties/>
  <testcase name="createsWithPositiveQuantityAndNonNegativePrice()" classname="com.example.management.domain.model.OrderItemTest$Creation" time="0.008"/>
  <testcase name="rejectsZeroQuantity()" classname="com.example.management.domain.model.OrderItemTest$Creation" time="0.008"/>
  <testcase name="rejectsNegativeUnitPrice()" classname="com.example.management.domain.model.OrderItemTest$Creation" time="0.003"/>
  <testcase name="rejectsNegativeQuantity()" classname="com.example.management.domain.model.OrderItemTest$Creation" time="0.007"/>
  <testcase name="acceptsZeroUnitPrice()" classname="com.example.management.domain.model.OrderItemTest$Creation" time="0.003"/>
  <system-out><![CDATA[]]></system-out>
  <system-err><![CDATA[]]></system-err>
</testsuite>
