<?xml version="1.0" encoding="UTF-8"?>
<testsuite name="getById" tests="2" skipped="0" failures="0" errors="0" timestamp="2026-02-25T23:14:12" hostname="RubenS" time="0.035">
  <properties/>
  <testcase name="returnsEmptyWhenNotFound()" classname="com.example.management.application.service.OrderApplicationServiceTest$GetById" time="0.016"/>
  <testcase name="returnsOrderWhenFound()" classname="com.example.management.application.service.OrderApplicationServiceTest$GetById" time="0.014"/>
  <system-out><![CDATA[]]></system-out>
  <system-err><![CDATA[]]></system-err>
</testsuite>
