<?xml version="1.0" encoding="UTF-8"?>
<testsuite name="shipOrder" tests="2" skipped="0" failures="0" errors="0" timestamp="2026-02-04T02:11:47.532Z" hostname="RubenS" time="0.025">
  <properties/>
  <testcase name="shouldShipOrderAndSave()" classname="com.example.management.application.services.OrderApplicationServiceTest$ShipOrder" time="0.012"/>
  <testcase name="shouldThrowWhenOrderNotFound()" classname="com.example.management.application.services.OrderApplicationServiceTest$ShipOrder" time="0.008"/>
  <system-out><![CDATA[]]></system-out>
  <system-err><![CDATA[]]></system-err>
</testsuite>
