<?xml version="1.0" encoding="UTF-8"?>
<testsuite name="OrderController integration" tests="0" skipped="0" failures="0" errors="0" timestamp="1970-01-01T00:00:00Z" hostname="RubenS" time="0.0">
  <properties/>
  <system-out><![CDATA[2026-02-03T21:09:00.707-05:00  INFO 34723 --- [    Test worker] .b.t.c.SpringBootTestContextBootstrapper : Found @SpringBootConfiguration com.example.management.ManagementApplication for test class com.example.management.infrastructure.adapters.in.web.OrderControllerIntegrationTest
]]></system-out>
  <system-err><![CDATA[]]></system-err>
</testsuite>
