<?xml version="1.0" encoding="UTF-8"?>
<testsuite name="deliverOrder" tests="2" skipped="0" failures="0" errors="0" timestamp="2026-02-04T02:11:47.491Z" hostname="RubenS" time="0.027">
  <properties/>
  <testcase name="shouldDeliverOrderAndSave()" classname="com.example.management.application.services.OrderApplicationServiceTest$DeliverOrder" time="0.011"/>
  <testcase name="shouldThrowWhenOrderNotFound()" classname="com.example.management.application.services.OrderApplicationServiceTest$DeliverOrder" time="0.012"/>
  <system-out><![CDATA[]]></system-out>
  <system-err><![CDATA[]]></system-err>
</testsuite>
