<?xml version="1.0" encoding="UTF-8"?>
<testsuite name="pay" tests="2" skipped="0" failures="0" errors="0" timestamp="2026-02-25T23:14:09" hostname="RubenS" time="3.277">
  <properties/>
  <testcase name="throwsWhenOrderNotFound()" classname="com.example.management.application.service.OrderApplicationServiceTest$Pay" time="3.196"/>
  <testcase name="marksOrderAsPaidAndSaves()" classname="com.example.management.application.service.OrderApplicationServiceTest$Pay" time="0.067"/>
  <system-out><![CDATA[]]></system-out>
  <system-err><![CDATA[]]></system-err>
</testsuite>
