<?xml version="1.0" encoding="UTF-8"?>
<testsuite name="mark as paid" tests="3" skipped="0" failures="0" errors="0" timestamp="2026-02-25T23:14:13" hostname="RubenS" time="0.016">
  <properties/>
  <testcase name="rejectsPaidWhenNotPending()" classname="com.example.management.domain.model.OrderTest$MarkAsPaid" time="0.005"/>
  <testcase name="allowsPaidWhenTotalAtLeast10Usd()" classname="com.example.management.domain.model.OrderTest$MarkAsPaid" time="0.002"/>
  <testcase name="rejectsPaidWhenTotalBelow10Usd()" classname="com.example.management.domain.model.OrderTest$MarkAsPaid" time="0.003"/>
  <system-out><![CDATA[]]></system-out>
  <system-err><![CDATA[]]></system-err>
</testsuite>
