<?xml version="1.0" encoding="UTF-8"?>
<testsuite name="createOrder" tests="2" skipped="0" failures="0" errors="0" timestamp="2026-02-04T02:11:47.646Z" hostname="RubenS" time="0.03">
  <properties/>
  <testcase name="shouldCreateOrderAndDelegateToRepository()" classname="com.example.management.application.services.OrderApplicationServiceTest$CreateOrder" time="0.018"/>
  <testcase name="shouldUseDefaultCurrencyUsdWhenCurrencyIsNull()" classname="com.example.management.application.services.OrderApplicationServiceTest$CreateOrder" time="0.009"/>
  <system-out><![CDATA[]]></system-out>
  <system-err><![CDATA[]]></system-err>
</testsuite>
