<?xml version="1.0" encoding="UTF-8"?>
<testsuite name="creation" tests="3" skipped="0" failures="0" errors="0" timestamp="2026-02-25T22:33:07" hostname="RubenS" time="0.02">
  <properties/>
  <testcase name="totalIsSumOfLineTotals()" classname="com.example.management.domain.model.OrderTest$Creation" time="0.002"/>
  <testcase name="createsWithAtLeastOneItemAndComputesTotal()" classname="com.example.management.domain.model.OrderTest$Creation" time="0.011"/>
  <testcase name="rejectsEmptyItems()" classname="com.example.management.domain.model.OrderTest$Creation" time="0.003"/>
  <system-out><![CDATA[]]></system-out>
  <system-err><![CDATA[]]></system-err>
</testsuite>
