<?xml version="1.0" encoding="UTF-8"?>
<testsuite name="POST /api/orders" tests="2" skipped="0" failures="0" errors="0" timestamp="2026-02-04T02:11:50.475Z" hostname="RubenS" time="0.309">
  <properties/>
  <testcase name="creates_order_and_returns_201()" classname="com.example.management.infrastructure.adapters.in.web.OrderControllerIntegrationTest$CreateOrder" time="0.28"/>
  <testcase name="rejects_empty_items_with_400()" classname="com.example.management.infrastructure.adapters.in.web.OrderControllerIntegrationTest$CreateOrder" time="0.026"/>
  <system-out><![CDATA[2026-02-03T21:11:50.460-05:00  INFO 36420 --- [    Test worker] t.c.s.AnnotationConfigContextLoaderUtils : Could not detect default configuration classes for test class [com.example.management.infrastructure.adapters.in.web.OrderControllerIntegrationTest$CreateOrder]: CreateOrder does not declare any static, non-private, non-final, nested classes annotated with @Configuration.
2026-02-03T21:11:50.465-05:00  INFO 36420 --- [    Test worker] .b.t.c.SpringBootTestContextBootstrapper : Found @SpringBootConfiguration com.example.management.ManagementApplication for test class com.example.management.infrastructure.adapters.in.web.OrderControllerIntegrationTest$CreateOrder
2026-02-03T21:11:50.779-05:00  WARN 36420 --- [    Test worker] .w.s.m.s.DefaultHandlerExceptionResolver : Resolved [org.springframework.web.bind.MethodArgumentNotValidException: Validation failed for argument [0] in public org.springframework.http.ResponseEntity<com.example.management.infrastructure.adapters.in.web.dto.OrderResponse> com.example.management.infrastructure.adapters.in.web.OrderController.createOrder(com.example.management.infrastructure.adapters.in.web.dto.CreateOrderRequest): [Field error in object 'createOrderRequest' on field 'items': rejected value [[]]; codes [Size.createOrderRequest.items,Size.items,Size.java.util.List,Size]; arguments [org.springframework.context.support.DefaultMessageSourceResolvable: codes [createOrderRequest.items,items]; arguments []; default message [items],2147483647,1]; default message [At least one item is required]] ]
]]></system-out>
  <system-err><![CDATA[]]></system-err>
</testsuite>
