<?xml version="1.0" encoding="UTF-8"?>
<testsuite name="creation" tests="5" skipped="0" failures="0" errors="0" timestamp="2026-02-25T23:14:13" hostname="RubenS" time="0.03">
  <properties/>
  <testcase name="createsWithPositiveQuantityAndNonNegativePrice()" classname="com.example.management.domain.model.OrderItemTest$Creation" time="0.004"/>
  <testcase name="rejectsZeroQuantity()" classname="com.example.management.domain.model.OrderItemTest$Creation" time="0.003"/>
  <testcase name="rejectsNegativeUnitPrice()" classname="com.example.management.domain.model.OrderItemTest$Creation" time="0.004"/>
  <testcase name="rejectsNegativeQuantity()" classname="com.example.management.domain.model.OrderItemTest$Creation" time="0.003"/>
  <testcase name="acceptsZeroUnitPrice()" classname="com.example.management.domain.model.OrderItemTest$Creation" time="0.002"/>
  <system-out><![CDATA[]]></system-out>
  <system-err><![CDATA[]]></system-err>
</testsuite>
