<?xml version="1.0" encoding="UTF-8"?>
<testsuite name="getOrderById" tests="2" skipped="0" failures="0" errors="0" timestamp="2026-02-04T02:11:47.624Z" hostname="RubenS" time="0.017">
  <properties/>
  <testcase name="shouldReturnOrderWhenFound()" classname="com.example.management.application.services.OrderApplicationServiceTest$GetOrderById" time="0.006"/>
  <testcase name="shouldReturnEmptyWhenNotFound()" classname="com.example.management.application.services.OrderApplicationServiceTest$GetOrderById" time="0.009"/>
  <system-out><![CDATA[]]></system-out>
  <system-err><![CDATA[]]></system-err>
</testsuite>
