<?xml version="1.0" encoding="UTF-8"?>
<testsuite name="ship" tests="2" skipped="0" failures="0" errors="0" timestamp="2026-02-25T23:14:13" hostname="RubenS" time="0.011">
  <properties/>
  <testcase name="rejectsShipWhenNotPaid()" classname="com.example.management.domain.model.OrderTest$Ship" time="0.006"/>
  <testcase name="allowsShipWhenPaid()" classname="com.example.management.domain.model.OrderTest$Ship" time="0.002"/>
  <system-out><![CDATA[]]></system-out>
  <system-err><![CDATA[]]></system-err>
</testsuite>
