<?xml version="1.0" encoding="UTF-8"?>
<testsuite name="creation and defaults" tests="2" skipped="0" failures="0" errors="0" timestamp="2026-02-25T23:14:13" hostname="RubenS" time="0.007">
  <properties/>
  <testcase name="createsWithAmountAndExplicitCurrency()" classname="com.example.management.domain.valueobject.MoneyTest$Creation" time="0.003"/>
  <testcase name="createsWithAmountAndDefaultCurrencyUsd()" classname="com.example.management.domain.valueobject.MoneyTest$Creation" time="0.002"/>
  <system-out><![CDATA[]]></system-out>
  <system-err><![CDATA[]]></system-err>
</testsuite>
