<?xml version="1.0" encoding="UTF-8"?>
<testsuite name="com.example.management.domain.model.MoneyTest" tests="8" skipped="0" failures="0" errors="0" timestamp="2026-02-04T02:08:54.103Z" hostname="RubenS" time="0.225">
  <properties/>
  <testcase name="subtract_shouldThrowWhenCurrenciesDiffer()" classname="com.example.management.domain.model.MoneyTest" time="0.151"/>
  <testcase name="shouldCreateMoneyWithAmountAndCurrency()" classname="com.example.management.domain.model.MoneyTest" time="0.02"/>
  <testcase name="multiply_shouldMultiplyAmountByScalar()" classname="com.example.management.domain.model.MoneyTest" time="0.004"/>
  <testcase name="subtract_shouldSubtractAmountsWhenSameCurrency()" classname="com.example.management.domain.model.MoneyTest" time="0.005"/>
  <testcase name="add_shouldThrowWhenCurrenciesDiffer()" classname="com.example.management.domain.model.MoneyTest" time="0.006"/>
  <testcase name="equals_and_hashCode_shouldBeBasedOnAmountAndCurrency()" classname="com.example.management.domain.model.MoneyTest" time="0.003"/>
  <testcase name="shouldCreateMoneyWithAmountAndDefaultCurrency()" classname="com.example.management.domain.model.MoneyTest" time="0.004"/>
  <testcase name="add_shouldSumAmountsWhenSameCurrency()" classname="com.example.management.domain.model.MoneyTest" time="0.002"/>
  <system-out><![CDATA[]]></system-out>
  <system-err><![CDATA[]]></system-err>
</testsuite>
