<?xml version="1.0" encoding="UTF-8"?>
<testsuite name="findAll" tests="2" skipped="0" failures="0" errors="0" timestamp="2026-02-04T02:09:03.646Z" hostname="RubenS" time="0.013">
  <properties/>
  <testcase name="findAll_returns_all_saved_orders()" classname="com.example.management.infrastructure.adapters.out.OrderRepositoryContractTest$FindAll" time="0.009"/>
  <testcase name="findAll_returns_empty_when_no_orders()" classname="com.example.management.infrastructure.adapters.out.OrderRepositoryContractTest$FindAll" time="0.002"/>
  <system-out><![CDATA[]]></system-out>
  <system-err><![CDATA[]]></system-err>
</testsuite>
