<?xml version="1.0" encoding="UTF-8"?>
<testsuite name="equality" tests="2" skipped="0" failures="0" errors="0" timestamp="2026-02-25T23:14:12" hostname="RubenS" time="0.018">
  <properties/>
  <testcase name="notEqualsWhenDifferentValue()" classname="com.example.management.domain.model.OrderIdTest$Equality" time="0.004"/>
  <testcase name="equalsWhenSameValue()" classname="com.example.management.domain.model.OrderIdTest$Equality" time="0.011"/>
  <system-out><![CDATA[]]></system-out>
  <system-err><![CDATA[]]></system-err>
</testsuite>
